<?xml version="1.0" encoding="UTF-8"?>
<testng-results skipped="0" failed="0" ignored="1" total="2" passed="1">
  <reporter-output>
  </reporter-output>
  <suite name="Surefire suite" duration-ms="37" started-at="2018-01-18T16:46:42Z" finished-at="2018-01-18T16:46:42Z">
    <groups>
    </groups>
    <test name="Surefire test" duration-ms="37" started-at="2018-01-18T16:46:42Z" finished-at="2018-01-18T16:46:42Z">
      <class name="TestNgTests">
        <test-method status="PASS" signature="runMyTestGo()[pri:0, instance:TestNgTests@4de8b406]" name="runMyTestGo" duration-ms="7" started-at="2018-01-18T19:46:42Z" finished-at="2018-01-18T19:46:42Z">
          <reporter-output>
          </reporter-output>
        </test-method> <!-- runMyTestGo -->
      </class> <!-- TestNgTests -->
    </test> <!-- Surefire test -->
  </suite> <!-- Surefire suite -->
</testng-results>
