<?xml version="1.0" encoding="UTF-8"?>
<!-- Generated by org.testng.reporters.JUnitXMLReporter -->
<testsuite hostname="EPRUPETW1763" ignored="0" tests="5" failures="0" timestamp="18 Jan 2018 16:47:21 GMT" time="37.921" errors="0">
  <testcase name="getSearchEngine[0] on getSearchEngine[0](ParamsTest)" time="8.754" classname="ParamsTest"/>
  <testcase name="getSearchEngine[1] on getSearchEngine[1](ParamsTest)" time="12.515" classname="ParamsTest"/>
  <testcase name="getGoogle on getGoogle(WithoutParamsTest)" time="7.065" classname="WithoutParamsTest"/>
  <testcase name="getYandex on getYandex(WithoutParamsTest)" time="13.537" classname="WithoutParamsTest"/>
  <testcase name="sleepForAWhile on sleepForAWhile(WithoutParamsTest)" time="25.352" classname="WithoutParamsTest"/>
</testsuite>
